graph/atom/export/check_compatibility-__init__.py-3700e214.graphml
graph/atom/export/_check_cryptography-__init__.py-6917370a.graphml
graph/atom/export/to_native_string-_internal_utils.py-67df7364.graphml
graph/atom/export/unicode_is_ascii-_internal_utils.py-7d3be2a3.graphml
graph/atom/export/SOCKSProxyManager-adapters.py-f817bed7.graphml
graph/atom/export/_urllib3_request_context-adapters.py-e5896f88.graphml
graph/atom/export/__init__-adapters.py-93bc4cb4.graphml
graph/atom/export/send-adapters.py-ed287466.graphml
graph/atom/export/close-adapters.py-81811689.graphml
graph/atom/export/__init__<metaClassAdapter>-adapters.py-0c8f280b.graphml
graph/atom/export/send<metaClassAdapter>-adapters.py-e739e7ff.graphml
graph/atom/export/close<metaClassAdapter>-adapters.py-2242d943.graphml
graph/atom/export/__init__-adapters.py-313a3f32.graphml
graph/atom/export/__getstate__-adapters.py-3e792cbe.graphml
graph/atom/export/__setstate__-adapters.py-9e1042af.graphml
graph/atom/export/init_poolmanager-adapters.py-c30e6020.graphml
graph/atom/export/proxy_manager_for-adapters.py-1760a052.graphml
graph/atom/export/cert_verify-adapters.py-c858ce4b.graphml
graph/atom/export/build_response-adapters.py-be1af582.graphml
graph/atom/export/build_connection_pool_key_attributes-adapters.py-ea1fc082.graphml
graph/atom/export/get_connection_with_tls_context-adapters.py-ff97b0bc.graphml
graph/atom/export/get_connection-adapters.py-771afe68.graphml
graph/atom/export/close-adapters.py-0463a0fb.graphml
graph/atom/export/request_url-adapters.py-57d6dc76.graphml
graph/atom/export/add_headers-adapters.py-cb46f91a.graphml
graph/atom/export/proxy_headers-adapters.py-c3fec6df.graphml
graph/atom/export/send-adapters.py-ac6b9c2c.graphml
graph/atom/export/__init__<metaClassAdapter>-adapters.py-d5dbb6e6.graphml
graph/atom/export/__getstate__<metaClassAdapter>-adapters.py-0c513314.graphml
graph/atom/export/__setstate__<metaClassAdapter>-adapters.py-4075db9e.graphml
graph/atom/export/init_poolmanager<metaClassAdapter>-adapters.py-cdd3a793.graphml
graph/atom/export/proxy_manager_for<metaClassAdapter>-adapters.py-125d8dce.graphml
graph/atom/export/cert_verify<metaClassAdapter>-adapters.py-2c4c46ea.graphml
graph/atom/export/build_response<metaClassAdapter>-adapters.py-e59213d4.graphml
graph/atom/export/build_connection_pool_key_attributes<metaClassAdapter>-adapters.py-eb2a4c6b.graphml
graph/atom/export/get_connection_with_tls_context<metaClassAdapter>-adapters.py-1fabc4de.graphml
graph/atom/export/get_connection<metaClassAdapter>-adapters.py-bd51cbfa.graphml
graph/atom/export/close<metaClassAdapter>-adapters.py-6c2e6add.graphml
graph/atom/export/request_url<metaClassAdapter>-adapters.py-6a46c442.graphml
graph/atom/export/add_headers<metaClassAdapter>-adapters.py-69e9fbff.graphml
graph/atom/export/proxy_headers<metaClassAdapter>-adapters.py-2714c19a.graphml
graph/atom/export/send<metaClassAdapter>-adapters.py-bd358337.graphml
graph/atom/export/request-api.py-e7aa69c3.graphml
graph/atom/export/get-api.py-7b6b7071.graphml
graph/atom/export/options-api.py-578f7368.graphml
graph/atom/export/head-api.py-b5c8f07f.graphml
graph/atom/export/post-api.py-369f10b6.graphml
graph/atom/export/put-api.py-7e5aa642.graphml
graph/atom/export/patch-api.py-9b4d8428.graphml
graph/atom/export/delete-api.py-ea138577.graphml
graph/atom/export/_basic_auth_str-auth.py-b2328138.graphml
graph/atom/export/__call__-auth.py-1438ab5a.graphml
graph/atom/export/__call__<metaClassAdapter>-auth.py-65a047b3.graphml
graph/atom/export/__init__-auth.py-f39d9d25.graphml
graph/atom/export/__eq__-auth.py-bd9aa7a0.graphml
graph/atom/export/__ne__-auth.py-9cbbeeab.graphml
graph/atom/export/__call__-auth.py-c8c23c0b.graphml
graph/atom/export/__init__<metaClassAdapter>-auth.py-dd8de444.graphml
graph/atom/export/__eq__<metaClassAdapter>-auth.py-05c36579.graphml
graph/atom/export/__ne__<metaClassAdapter>-auth.py-4763aa1f.graphml
graph/atom/export/__call__<metaClassAdapter>-auth.py-ddddd125.graphml
graph/atom/export/__call__-auth.py-e8170b6a.graphml
graph/atom/export/__call__<metaClassAdapter>-auth.py-33d88e1a.graphml
graph/atom/export/__init__-auth.py-9fb3dcce.graphml
graph/atom/export/init_per_thread_state-auth.py-182004ae.graphml
graph/atom/export/build_digest_header-auth.py-cc06031a.graphml
graph/atom/export/md5_utf8-auth.py-aec51fbf.graphml
graph/atom/export/sha_utf8-auth.py-c3e56f2a.graphml
graph/atom/export/sha256_utf8-auth.py-d009e3f8.graphml
graph/atom/export/sha512_utf8-auth.py-477dc36f.graphml
graph/atom/export/handle_redirect-auth.py-629bc83a.graphml
graph/atom/export/handle_401-auth.py-075fbff6.graphml
graph/atom/export/__call__-auth.py-ce5ad377.graphml
graph/atom/export/__eq__-auth.py-5e2e3758.graphml
graph/atom/export/__ne__-auth.py-fa2993d0.graphml
graph/atom/export/__init__<metaClassAdapter>-auth.py-0cf5d8ac.graphml
graph/atom/export/init_per_thread_state<metaClassAdapter>-auth.py-aa8b5ce1.graphml
graph/atom/export/build_digest_header<metaClassAdapter>-auth.py-9105bc58.graphml
graph/atom/export/handle_redirect<metaClassAdapter>-auth.py-4e509bea.graphml
graph/atom/export/handle_401<metaClassAdapter>-auth.py-b8c77a42.graphml
graph/atom/export/__call__<metaClassAdapter>-auth.py-1fd5e619.graphml
graph/atom/export/__eq__<metaClassAdapter>-auth.py-395dd1fc.graphml
graph/atom/export/__ne__<metaClassAdapter>-auth.py-c43479fe.graphml
graph/atom/export/_resolve_char_detection-compat.py-cfe12e8c.graphml
graph/atom/export/__init__-cookies.py-2f8968f5.graphml
graph/atom/export/get_type-cookies.py-790f0a97.graphml
graph/atom/export/get_host-cookies.py-9fcafff7.graphml
graph/atom/export/get_origin_req_host-cookies.py-611731e7.graphml
graph/atom/export/get_full_url-cookies.py-02b1b40f.graphml
graph/atom/export/is_unverifiable-cookies.py-55936238.graphml
graph/atom/export/has_header-cookies.py-3b5fb14e.graphml
graph/atom/export/get_header-cookies.py-ef9283aa.graphml
graph/atom/export/add_header-cookies.py-03a73557.graphml
graph/atom/export/add_unredirected_header-cookies.py-5785b393.graphml
graph/atom/export/get_new_headers-cookies.py-cbc71ee8.graphml
graph/atom/export/unverifiable-cookies.py-8ecc4972.graphml
graph/atom/export/origin_req_host-cookies.py-78472574.graphml
graph/atom/export/host-cookies.py-1b216f1f.graphml
graph/atom/export/__init__<metaClassAdapter>-cookies.py-176ebbaa.graphml
graph/atom/export/get_type<metaClassAdapter>-cookies.py-bf92300e.graphml
graph/atom/export/get_host<metaClassAdapter>-cookies.py-8839443a.graphml
graph/atom/export/get_origin_req_host<metaClassAdapter>-cookies.py-d38b4a18.graphml
graph/atom/export/get_full_url<metaClassAdapter>-cookies.py-f18d495a.graphml
graph/atom/export/is_unverifiable<metaClassAdapter>-cookies.py-c4fd299e.graphml
graph/atom/export/has_header<metaClassAdapter>-cookies.py-e5dfc11e.graphml
graph/atom/export/get_header<metaClassAdapter>-cookies.py-ce693ac0.graphml
graph/atom/export/add_header<metaClassAdapter>-cookies.py-d4da94a9.graphml
graph/atom/export/add_unredirected_header<metaClassAdapter>-cookies.py-05467f71.graphml
graph/atom/export/get_new_headers<metaClassAdapter>-cookies.py-5bb293ba.graphml
graph/atom/export/unverifiable<metaClassAdapter>-cookies.py-296fe2a1.graphml
graph/atom/export/origin_req_host<metaClassAdapter>-cookies.py-96bcbf52.graphml
graph/atom/export/host<metaClassAdapter>-cookies.py-baa8b0ef.graphml
graph/atom/export/__init__-cookies.py-5281c410.graphml
graph/atom/export/info-cookies.py-5edfb3bb.graphml
graph/atom/export/getheaders-cookies.py-1795d2fe.graphml
graph/atom/export/__init__<metaClassAdapter>-cookies.py-dc897693.graphml
graph/atom/export/info<metaClassAdapter>-cookies.py-bd06df19.graphml
graph/atom/export/getheaders<metaClassAdapter>-cookies.py-8939aa48.graphml
graph/atom/export/extract_cookies_to_jar-cookies.py-467f4b5e.graphml
graph/atom/export/get_cookie_header-cookies.py-73874756.graphml
graph/atom/export/remove_cookie_by_name-cookies.py-57f24735.graphml
graph/atom/export/get-cookies.py-bc94d9e9.graphml
graph/atom/export/set-cookies.py-36367553.graphml
graph/atom/export/iterkeys-cookies.py-517acee7.graphml
graph/atom/export/keys-cookies.py-67fd8776.graphml
graph/atom/export/itervalues-cookies.py-0835d6dc.graphml
graph/atom/export/values-cookies.py-0f21665e.graphml
graph/atom/export/iteritems-cookies.py-78293c08.graphml
graph/atom/export/items-cookies.py-05bdb646.graphml
graph/atom/export/list_domains-cookies.py-93229bb9.graphml
graph/atom/export/list_paths-cookies.py-cc65798a.graphml
graph/atom/export/multiple_domains-cookies.py-695f60cf.graphml
graph/atom/export/get_dict-cookies.py-7d025894.graphml
graph/atom/export/__contains__-cookies.py-19cf7650.graphml
graph/atom/export/__getitem__-cookies.py-411e7336.graphml
graph/atom/export/__setitem__-cookies.py-08ffea27.graphml
graph/atom/export/__delitem__-cookies.py-f841f01a.graphml
graph/atom/export/set_cookie-cookies.py-e7b38cb0.graphml
graph/atom/export/update-cookies.py-8ac22531.graphml
graph/atom/export/_find-cookies.py-b1dac38b.graphml
graph/atom/export/_find_no_duplicates-cookies.py-f3cc65a6.graphml
graph/atom/export/__getstate__-cookies.py-bc2d8e1b.graphml
graph/atom/export/__setstate__-cookies.py-610a3e6c.graphml
graph/atom/export/copy-cookies.py-f754147a.graphml
graph/atom/export/get_policy-cookies.py-718045a9.graphml
graph/atom/export/get<metaClassAdapter>-cookies.py-314ccfe1.graphml
graph/atom/export/set<metaClassAdapter>-cookies.py-8bafc665.graphml
graph/atom/export/iterkeys<metaClassAdapter>-cookies.py-b8714b17.graphml
graph/atom/export/keys<metaClassAdapter>-cookies.py-a989e536.graphml
graph/atom/export/itervalues<metaClassAdapter>-cookies.py-88d96dbf.graphml
graph/atom/export/values<metaClassAdapter>-cookies.py-65a5160b.graphml
graph/atom/export/iteritems<metaClassAdapter>-cookies.py-6d1db6af.graphml
graph/atom/export/items<metaClassAdapter>-cookies.py-ad34bcaf.graphml
graph/atom/export/list_domains<metaClassAdapter>-cookies.py-328bbefd.graphml
graph/atom/export/list_paths<metaClassAdapter>-cookies.py-b6046040.graphml
graph/atom/export/multiple_domains<metaClassAdapter>-cookies.py-e7f1fbf2.graphml
graph/atom/export/get_dict<metaClassAdapter>-cookies.py-1eb96c22.graphml
graph/atom/export/__contains__<metaClassAdapter>-cookies.py-0861c7f5.graphml
graph/atom/export/__getitem__<metaClassAdapter>-cookies.py-5f9d7dab.graphml
graph/atom/export/__setitem__<metaClassAdapter>-cookies.py-834cead1.graphml
graph/atom/export/__delitem__<metaClassAdapter>-cookies.py-bbc704c1.graphml
graph/atom/export/set_cookie<metaClassAdapter>-cookies.py-7409542b.graphml
graph/atom/export/update<metaClassAdapter>-cookies.py-3dcd37c9.graphml
graph/atom/export/_find<metaClassAdapter>-cookies.py-447ce2a3.graphml
graph/atom/export/_find_no_duplicates<metaClassAdapter>-cookies.py-3b4f7103.graphml
graph/atom/export/__getstate__<metaClassAdapter>-cookies.py-0812373c.graphml
graph/atom/export/__setstate__<metaClassAdapter>-cookies.py-93008f61.graphml
graph/atom/export/copy<metaClassAdapter>-cookies.py-0b64b644.graphml
graph/atom/export/get_policy<metaClassAdapter>-cookies.py-a5269ff3.graphml
graph/atom/export/_copy_cookie_jar-cookies.py-78320082.graphml
graph/atom/export/create_cookie-cookies.py-c4c04bdf.graphml
graph/atom/export/morsel_to_cookie-cookies.py-0b6bdde3.graphml
graph/atom/export/cookiejar_from_dict-cookies.py-ebfeb01d.graphml
graph/atom/export/merge_cookies-cookies.py-c123fa3b.graphml
graph/atom/export/__init__-exceptions.py-39e374b7.graphml
graph/atom/export/__init__<metaClassAdapter>-exceptions.py-c54bcb22.graphml
graph/atom/export/__init__-exceptions.py-037ef3fa.graphml
graph/atom/export/__reduce__-exceptions.py-38189eac.graphml
graph/atom/export/__init__<metaClassAdapter>-exceptions.py-acbdd29b.graphml
graph/atom/export/__reduce__<metaClassAdapter>-exceptions.py-afb3fe76.graphml
graph/atom/export/_implementation-help.py-c95bfaa1.graphml
graph/atom/export/info-help.py-97d585bf.graphml
graph/atom/export/main-help.py-08e63928.graphml
graph/atom/export/default_hooks-hooks.py-29c6cc0b.graphml
graph/atom/export/dispatch_hook-hooks.py-b3f937bc.graphml
graph/atom/export/path_url-models.py-1bd119f0.graphml
graph/atom/export/_encode_params-models.py-40abc414.graphml
graph/atom/export/_encode_files-models.py-36dbfe0b.graphml
graph/atom/export/path_url<metaClassAdapter>-models.py-c6a794b4.graphml
graph/atom/export/register_hook-models.py-07a16d3e.graphml
graph/atom/export/deregister_hook-models.py-5f475f8f.graphml
graph/atom/export/register_hook<metaClassAdapter>-models.py-d9e141df.graphml
graph/atom/export/deregister_hook<metaClassAdapter>-models.py-c1713522.graphml
graph/atom/export/__init__-models.py-5dc2dee6.graphml
graph/atom/export/__repr__-models.py-97991009.graphml
graph/atom/export/prepare-models.py-6b34549f.graphml
graph/atom/export/__init__<metaClassAdapter>-models.py-0e69ac7c.graphml
graph/atom/export/__repr__<metaClassAdapter>-models.py-99961d5f.graphml
graph/atom/export/prepare<metaClassAdapter>-models.py-2278465a.graphml
graph/atom/export/__init__-models.py-7f285186.graphml
graph/atom/export/prepare-models.py-317b7bf5.graphml
graph/atom/export/__repr__-models.py-dc72eea9.graphml
graph/atom/export/copy-models.py-5a33528d.graphml
graph/atom/export/prepare_method-models.py-fc589474.graphml
graph/atom/export/_get_idna_encoded_host-models.py-543ac1f0.graphml
graph/atom/export/prepare_url-models.py-0d93316d.graphml
graph/atom/export/prepare_headers-models.py-f68b99a3.graphml
graph/atom/export/prepare_body-models.py-a2257900.graphml
graph/atom/export/prepare_content_length-models.py-553d3945.graphml
graph/atom/export/prepare_auth-models.py-26f148d2.graphml
graph/atom/export/prepare_cookies-models.py-6ec08727.graphml
graph/atom/export/prepare_hooks-models.py-de67d4fa.graphml
graph/atom/export/__init__<metaClassAdapter>-models.py-f88b0ec5.graphml
graph/atom/export/prepare<metaClassAdapter>-models.py-ae31b189.graphml
graph/atom/export/__repr__<metaClassAdapter>-models.py-657a1e03.graphml
graph/atom/export/copy<metaClassAdapter>-models.py-2b889b62.graphml
graph/atom/export/prepare_method<metaClassAdapter>-models.py-1bd44b6a.graphml
graph/atom/export/prepare_url<metaClassAdapter>-models.py-e5b322a7.graphml
graph/atom/export/prepare_headers<metaClassAdapter>-models.py-87646924.graphml
graph/atom/export/prepare_body<metaClassAdapter>-models.py-af94f56f.graphml
graph/atom/export/prepare_content_length<metaClassAdapter>-models.py-56f51ed0.graphml
graph/atom/export/prepare_auth<metaClassAdapter>-models.py-734f8895.graphml
graph/atom/export/prepare_cookies<metaClassAdapter>-models.py-715062f0.graphml
graph/atom/export/prepare_hooks<metaClassAdapter>-models.py-e8c527a5.graphml
graph/atom/export/__init__-models.py-df5c6687.graphml
graph/atom/export/__enter__-models.py-2df483e2.graphml
graph/atom/export/__exit__-models.py-4109e5d8.graphml
graph/atom/export/__getstate__-models.py-b5793181.graphml
graph/atom/export/__setstate__-models.py-7bcc4b75.graphml
graph/atom/export/__repr__-models.py-37ba34a8.graphml
graph/atom/export/__bool__-models.py-d1ac3bce.graphml
graph/atom/export/__nonzero__-models.py-1af2d544.graphml
graph/atom/export/__iter__-models.py-dbea8347.graphml
graph/atom/export/ok-models.py-90a9c730.graphml
graph/atom/export/is_redirect-models.py-f7e86043.graphml
graph/atom/export/is_permanent_redirect-models.py-2cb07827.graphml
graph/atom/export/next-models.py-156035de.graphml
graph/atom/export/apparent_encoding-models.py-a0dfe8cd.graphml
graph/atom/export/iter_content-models.py-7d248513.graphml
graph/atom/export/generate-models.py-8e1d01c7.graphml
graph/atom/export/iter_lines-models.py-29a421ac.graphml
graph/atom/export/content-models.py-d0e498fc.graphml
graph/atom/export/text-models.py-509aaa70.graphml
graph/atom/export/json-models.py-d4aad503.graphml
graph/atom/export/links-models.py-2deea335.graphml
graph/atom/export/raise_for_status-models.py-58db5e1f.graphml
graph/atom/export/close-models.py-db3e5573.graphml
graph/atom/export/__init__<metaClassAdapter>-models.py-4142240b.graphml
graph/atom/export/__enter__<metaClassAdapter>-models.py-0d14b88e.graphml
graph/atom/export/__exit__<metaClassAdapter>-models.py-079ffb14.graphml
graph/atom/export/__getstate__<metaClassAdapter>-models.py-619d1c60.graphml
graph/atom/export/__setstate__<metaClassAdapter>-models.py-46493e2c.graphml
graph/atom/export/__repr__<metaClassAdapter>-models.py-e86cbb7c.graphml
graph/atom/export/__bool__<metaClassAdapter>-models.py-68f9f8e9.graphml
graph/atom/export/__nonzero__<metaClassAdapter>-models.py-4792165c.graphml
graph/atom/export/__iter__<metaClassAdapter>-models.py-194ff260.graphml
graph/atom/export/ok<metaClassAdapter>-models.py-e2a706ec.graphml
graph/atom/export/is_redirect<metaClassAdapter>-models.py-7aec934e.graphml
graph/atom/export/is_permanent_redirect<metaClassAdapter>-models.py-753d53c5.graphml
graph/atom/export/next<metaClassAdapter>-models.py-0283362f.graphml
graph/atom/export/apparent_encoding<metaClassAdapter>-models.py-37461bd6.graphml
graph/atom/export/iter_content<metaClassAdapter>-models.py-95261eeb.graphml
graph/atom/export/iter_lines<metaClassAdapter>-models.py-83107824.graphml
graph/atom/export/content<metaClassAdapter>-models.py-fb9497ff.graphml
graph/atom/export/text<metaClassAdapter>-models.py-1f07972b.graphml
graph/atom/export/json<metaClassAdapter>-models.py-a39fbef7.graphml
graph/atom/export/links<metaClassAdapter>-models.py-cbc79130.graphml
graph/atom/export/raise_for_status<metaClassAdapter>-models.py-1b5a8dc5.graphml
graph/atom/export/close<metaClassAdapter>-models.py-f61ca239.graphml
graph/atom/export/merge_setting-sessions.py-3b4f7142.graphml
graph/atom/export/merge_hooks-sessions.py-ccf8aea8.graphml
graph/atom/export/get_redirect_target-sessions.py-afd57464.graphml
graph/atom/export/should_strip_auth-sessions.py-e83aa199.graphml
graph/atom/export/resolve_redirects-sessions.py-c38ff830.graphml
graph/atom/export/rebuild_auth-sessions.py-4de4be69.graphml
graph/atom/export/rebuild_proxies-sessions.py-0ff63060.graphml
graph/atom/export/rebuild_method-sessions.py-7519fce3.graphml
graph/atom/export/get_redirect_target<metaClassAdapter>-sessions.py-3a4e3fed.graphml
graph/atom/export/should_strip_auth<metaClassAdapter>-sessions.py-874d5eec.graphml
graph/atom/export/resolve_redirects<metaClassAdapter>-sessions.py-d6c7e24f.graphml
graph/atom/export/rebuild_auth<metaClassAdapter>-sessions.py-387bb67d.graphml
graph/atom/export/rebuild_proxies<metaClassAdapter>-sessions.py-bbd7a187.graphml
graph/atom/export/rebuild_method<metaClassAdapter>-sessions.py-868cd670.graphml
graph/atom/export/__init__-sessions.py-428bd730.graphml
graph/atom/export/__enter__-sessions.py-a5210d04.graphml
graph/atom/export/__exit__-sessions.py-2be4debf.graphml
graph/atom/export/prepare_request-sessions.py-cd1f7b66.graphml
graph/atom/export/request-sessions.py-5c3afd80.graphml
graph/atom/export/get-sessions.py-d59b3c2e.graphml
graph/atom/export/options-sessions.py-afd0042c.graphml
graph/atom/export/head-sessions.py-f5dd348c.graphml
graph/atom/export/post-sessions.py-ab34d4b9.graphml
graph/atom/export/put-sessions.py-3413d2f1.graphml
graph/atom/export/patch-sessions.py-371e97cf.graphml
graph/atom/export/delete-sessions.py-fcc3c819.graphml
graph/atom/export/send-sessions.py-b9737fe5.graphml
graph/atom/export/merge_environment_settings-sessions.py-813192bf.graphml
graph/atom/export/get_adapter-sessions.py-a269d4a5.graphml
graph/atom/export/close-sessions.py-0d3ba967.graphml
graph/atom/export/mount-sessions.py-3154788e.graphml
graph/atom/export/__getstate__-sessions.py-6691afb5.graphml
graph/atom/export/__setstate__-sessions.py-fbc0b88b.graphml
graph/atom/export/__init__<metaClassAdapter>-sessions.py-6e734efa.graphml
graph/atom/export/__enter__<metaClassAdapter>-sessions.py-412e3aff.graphml
graph/atom/export/__exit__<metaClassAdapter>-sessions.py-dce78e0e.graphml
graph/atom/export/prepare_request<metaClassAdapter>-sessions.py-ac0543ff.graphml
graph/atom/export/request<metaClassAdapter>-sessions.py-d0f64e61.graphml
graph/atom/export/get<metaClassAdapter>-sessions.py-fb81c42f.graphml
graph/atom/export/options<metaClassAdapter>-sessions.py-dc1d272b.graphml
graph/atom/export/head<metaClassAdapter>-sessions.py-63cea7dc.graphml
graph/atom/export/post<metaClassAdapter>-sessions.py-9f10b658.graphml
graph/atom/export/put<metaClassAdapter>-sessions.py-1a0c73cb.graphml
graph/atom/export/patch<metaClassAdapter>-sessions.py-70daef80.graphml
graph/atom/export/delete<metaClassAdapter>-sessions.py-e79108d5.graphml
graph/atom/export/send<metaClassAdapter>-sessions.py-10fc546b.graphml
graph/atom/export/merge_environment_settings<metaClassAdapter>-sessions.py-74d7ad79.graphml
graph/atom/export/get_adapter<metaClassAdapter>-sessions.py-992a0da5.graphml
graph/atom/export/close<metaClassAdapter>-sessions.py-68b570f1.graphml
graph/atom/export/mount<metaClassAdapter>-sessions.py-5f501707.graphml
graph/atom/export/__getstate__<metaClassAdapter>-sessions.py-9c1621a8.graphml
graph/atom/export/__setstate__<metaClassAdapter>-sessions.py-cdad21fd.graphml
graph/atom/export/session-sessions.py-9669d51f.graphml
graph/atom/export/_init-status_codes.py-8e02bd31.graphml
graph/atom/export/doc-status_codes.py-4da23918.graphml
graph/atom/export/__init__-structures.py-c2d10006.graphml
graph/atom/export/__setitem__-structures.py-066d328b.graphml
graph/atom/export/__getitem__-structures.py-9412b533.graphml
graph/atom/export/__delitem__-structures.py-2d56946e.graphml
graph/atom/export/__iter__-structures.py-da70ee02.graphml
graph/atom/export/__len__-structures.py-705ba4ef.graphml
graph/atom/export/lower_items-structures.py-235f4cf9.graphml
graph/atom/export/__eq__-structures.py-8fead628.graphml
graph/atom/export/copy-structures.py-1374ceb9.graphml
graph/atom/export/__repr__-structures.py-a66f3a23.graphml
graph/atom/export/__init__<metaClassAdapter>-structures.py-fb8bf0e9.graphml
graph/atom/export/__setitem__<metaClassAdapter>-structures.py-93478a83.graphml
graph/atom/export/__getitem__<metaClassAdapter>-structures.py-7f7bca5a.graphml
graph/atom/export/__delitem__<metaClassAdapter>-structures.py-c1bd06f7.graphml
graph/atom/export/__iter__<metaClassAdapter>-structures.py-b0aa2ca6.graphml
graph/atom/export/__len__<metaClassAdapter>-structures.py-87c77339.graphml
graph/atom/export/lower_items<metaClassAdapter>-structures.py-ba346d12.graphml
graph/atom/export/__eq__<metaClassAdapter>-structures.py-39c62151.graphml
graph/atom/export/copy<metaClassAdapter>-structures.py-8dd04ea8.graphml
graph/atom/export/__repr__<metaClassAdapter>-structures.py-a0c4b006.graphml
graph/atom/export/__init__-structures.py-17fce567.graphml
graph/atom/export/__repr__-structures.py-511e8de7.graphml
graph/atom/export/__getitem__-structures.py-8f53b919.graphml
graph/atom/export/get-structures.py-7c7bb546.graphml
graph/atom/export/__init__<metaClassAdapter>-structures.py-ecf395e9.graphml
graph/atom/export/__repr__<metaClassAdapter>-structures.py-a457ce69.graphml
graph/atom/export/__getitem__<metaClassAdapter>-structures.py-d6060e09.graphml
graph/atom/export/get<metaClassAdapter>-structures.py-baed6c44.graphml
graph/atom/export/proxy_bypass_registry-utils.py-110f1f93.graphml
graph/atom/export/proxy_bypass-utils.py-8fc0f767.graphml
graph/atom/export/dict_to_sequence-utils.py-2886c9bb.graphml
graph/atom/export/super_len-utils.py-5d771b98.graphml
graph/atom/export/get_netrc_auth-utils.py-21ea9e9a.graphml
graph/atom/export/guess_filename-utils.py-3520d6a1.graphml
graph/atom/export/extract_zipped_paths-utils.py-3507dc41.graphml
graph/atom/export/atomic_open-utils.py-93c2edf6.graphml
graph/atom/export/from_key_val_list-utils.py-ee8fa14a.graphml
graph/atom/export/to_key_val_list-utils.py-c791a7bc.graphml
graph/atom/export/parse_list_header-utils.py-b4052497.graphml
graph/atom/export/parse_dict_header-utils.py-79429c94.graphml
graph/atom/export/unquote_header_value-utils.py-b2c39da6.graphml
graph/atom/export/dict_from_cookiejar-utils.py-a656fded.graphml
graph/atom/export/add_dict_to_cookiejar-utils.py-40475490.graphml
graph/atom/export/get_encodings_from_content-utils.py-4dfebdbe.graphml
graph/atom/export/_parse_content_type_header-utils.py-c4b383aa.graphml
graph/atom/export/get_encoding_from_headers-utils.py-c0e51011.graphml
graph/atom/export/stream_decode_response_unicode-utils.py-a5550140.graphml
graph/atom/export/iter_slices-utils.py-cd753469.graphml
graph/atom/export/get_unicode_from_response-utils.py-43c1eeb9.graphml
graph/atom/export/unquote_unreserved-utils.py-63e890f3.graphml
graph/atom/export/requote_uri-utils.py-e1a101b7.graphml
graph/atom/export/address_in_network-utils.py-6cbdf37e.graphml
graph/atom/export/dotted_netmask-utils.py-4cfbce12.graphml
graph/atom/export/is_ipv4_address-utils.py-1d0a2012.graphml
graph/atom/export/is_valid_cidr-utils.py-312eefd6.graphml
graph/atom/export/set_environ-utils.py-98df54dd.graphml
graph/atom/export/should_bypass_proxies-utils.py-9b88a99e.graphml
graph/atom/export/get_proxy-utils.py-2f7ad938.graphml
graph/atom/export/get_environ_proxies-utils.py-1c8e8844.graphml
graph/atom/export/select_proxy-utils.py-639835b8.graphml
graph/atom/export/resolve_proxies-utils.py-bd706696.graphml
graph/atom/export/default_user_agent-utils.py-26064c7b.graphml
graph/atom/export/default_headers-utils.py-6a85da63.graphml
graph/atom/export/parse_header_links-utils.py-3c90f9bc.graphml
graph/atom/export/guess_json_utf-utils.py-175d0626.graphml
graph/atom/export/prepend_scheme_if_needed-utils.py-eecd249d.graphml
graph/atom/export/get_auth_from_url-utils.py-127a7f2b.graphml
graph/atom/export/check_header_validity-utils.py-bd9d6759.graphml
graph/atom/export/_validate_header_part-utils.py-327a07b3.graphml
graph/atom/export/urldefragauth-utils.py-10612e21.graphml
graph/atom/export/rewind_body-utils.py-4beef5c5.graphml
Graph has 19757 nodes and 69521 edges.
Loaded methods:
requests/src/requests/__init__.py:<module>._check_cryptography
requests/src/requests/__init__.py:<module>.check_compatibility
requests/src/requests/_internal_utils.py:<module>.to_native_string
requests/src/requests/_internal_utils.py:<module>.unicode_is_ascii
requests/src/requests/adapters.py:<module>.BaseAdapter.__init__
requests/src/requests/adapters.py:<module>.BaseAdapter.__init__<metaClassAdapter>
requests/src/requests/adapters.py:<module>.BaseAdapter.close
requests/src/requests/adapters.py:<module>.BaseAdapter.close<metaClassAdapter>
requests/src/requests/adapters.py:<module>.BaseAdapter.send
requests/src/requests/adapters.py:<module>.BaseAdapter.send<metaClassAdapter>
requests/src/requests/adapters.py:<module>.HTTPAdapter.__getstate__
requests/src/requests/adapters.py:<module>.HTTPAdapter.__getstate__<metaClassAdapter>
requests/src/requests/adapters.py:<module>.HTTPAdapter.__init__
requests/src/requests/adapters.py:<module>.HTTPAdapter.__init__<metaClassAdapter>
requests/src/requests/adapters.py:<module>.HTTPAdapter.__setstate__
requests/src/requests/adapters.py:<module>.HTTPAdapter.__setstate__<metaClassAdapter>
requests/src/requests/adapters.py:<module>.HTTPAdapter.add_headers
requests/src/requests/adapters.py:<module>.HTTPAdapter.add_headers<metaClassAdapter>
requests/src/requests/adapters.py:<module>.HTTPAdapter.build_connection_pool_key_attributes
requests/src/requests/adapters.py:<module>.HTTPAdapter.build_connection_pool_key_attributes<metaClassAdapter>
requests/src/requests/adapters.py:<module>.HTTPAdapter.build_response
requests/src/requests/adapters.py:<module>.HTTPAdapter.build_response<metaClassAdapter>
requests/src/requests/adapters.py:<module>.HTTPAdapter.cert_verify
requests/src/requests/adapters.py:<module>.HTTPAdapter.cert_verify<metaClassAdapter>
requests/src/requests/adapters.py:<module>.HTTPAdapter.close
requests/src/requests/adapters.py:<module>.HTTPAdapter.close<metaClassAdapter>
requests/src/requests/adapters.py:<module>.HTTPAdapter.get_connection
requests/src/requests/adapters.py:<module>.HTTPAdapter.get_connection<metaClassAdapter>
requests/src/requests/adapters.py:<module>.HTTPAdapter.get_connection_with_tls_context
requests/src/requests/adapters.py:<module>.HTTPAdapter.get_connection_with_tls_context<metaClassAdapter>
requests/src/requests/adapters.py:<module>.HTTPAdapter.init_poolmanager
requests/src/requests/adapters.py:<module>.HTTPAdapter.init_poolmanager<metaClassAdapter>
requests/src/requests/adapters.py:<module>.HTTPAdapter.proxy_headers
requests/src/requests/adapters.py:<module>.HTTPAdapter.proxy_headers<metaClassAdapter>
requests/src/requests/adapters.py:<module>.HTTPAdapter.proxy_manager_for
requests/src/requests/adapters.py:<module>.HTTPAdapter.proxy_manager_for<metaClassAdapter>
requests/src/requests/adapters.py:<module>.HTTPAdapter.request_url
requests/src/requests/adapters.py:<module>.HTTPAdapter.request_url<metaClassAdapter>
requests/src/requests/adapters.py:<module>.HTTPAdapter.send
requests/src/requests/adapters.py:<module>.HTTPAdapter.send<metaClassAdapter>
requests/src/requests/adapters.py:<module>.SOCKSProxyManager
requests/src/requests/adapters.py:<module>._urllib3_request_context
requests/src/requests/api.py:<module>.delete
requests/src/requests/api.py:<module>.get
requests/src/requests/api.py:<module>.head
requests/src/requests/api.py:<module>.options
requests/src/requests/api.py:<module>.patch
requests/src/requests/api.py:<module>.post
requests/src/requests/api.py:<module>.put
requests/src/requests/api.py:<module>.request
requests/src/requests/auth.py:<module>.AuthBase.__call__
requests/src/requests/auth.py:<module>.AuthBase.__call__<metaClassAdapter>
requests/src/requests/auth.py:<module>.HTTPBasicAuth.__call__
requests/src/requests/auth.py:<module>.HTTPBasicAuth.__call__<metaClassAdapter>
requests/src/requests/auth.py:<module>.HTTPBasicAuth.__eq__
requests/src/requests/auth.py:<module>.HTTPBasicAuth.__eq__<metaClassAdapter>
requests/src/requests/auth.py:<module>.HTTPBasicAuth.__init__
requests/src/requests/auth.py:<module>.HTTPBasicAuth.__init__<metaClassAdapter>
requests/src/requests/auth.py:<module>.HTTPBasicAuth.__ne__
requests/src/requests/auth.py:<module>.HTTPBasicAuth.__ne__<metaClassAdapter>
requests/src/requests/auth.py:<module>.HTTPDigestAuth.__call__
requests/src/requests/auth.py:<module>.HTTPDigestAuth.__call__<metaClassAdapter>
requests/src/requests/auth.py:<module>.HTTPDigestAuth.__eq__
requests/src/requests/auth.py:<module>.HTTPDigestAuth.__eq__<metaClassAdapter>
requests/src/requests/auth.py:<module>.HTTPDigestAuth.__init__
requests/src/requests/auth.py:<module>.HTTPDigestAuth.__init__<metaClassAdapter>
requests/src/requests/auth.py:<module>.HTTPDigestAuth.__ne__
requests/src/requests/auth.py:<module>.HTTPDigestAuth.__ne__<metaClassAdapter>
requests/src/requests/auth.py:<module>.HTTPDigestAuth.build_digest_header
requests/src/requests/auth.py:<module>.HTTPDigestAuth.build_digest_header.<lambda>
requests/src/requests/auth.py:<module>.HTTPDigestAuth.build_digest_header.md5_utf8
requests/src/requests/auth.py:<module>.HTTPDigestAuth.build_digest_header.sha256_utf8
requests/src/requests/auth.py:<module>.HTTPDigestAuth.build_digest_header.sha512_utf8
requests/src/requests/auth.py:<module>.HTTPDigestAuth.build_digest_header.sha_utf8
requests/src/requests/auth.py:<module>.HTTPDigestAuth.build_digest_header<metaClassAdapter>
requests/src/requests/auth.py:<module>.HTTPDigestAuth.handle_401
requests/src/requests/auth.py:<module>.HTTPDigestAuth.handle_401<metaClassAdapter>
requests/src/requests/auth.py:<module>.HTTPDigestAuth.handle_redirect
requests/src/requests/auth.py:<module>.HTTPDigestAuth.handle_redirect<metaClassAdapter>
requests/src/requests/auth.py:<module>.HTTPDigestAuth.init_per_thread_state
requests/src/requests/auth.py:<module>.HTTPDigestAuth.init_per_thread_state<metaClassAdapter>
requests/src/requests/auth.py:<module>.HTTPProxyAuth.__call__
requests/src/requests/auth.py:<module>.HTTPProxyAuth.__call__<metaClassAdapter>
requests/src/requests/auth.py:<module>._basic_auth_str
requests/src/requests/compat.py:<module>._resolve_char_detection
requests/src/requests/cookies.py:<module>.MockRequest.__init__
requests/src/requests/cookies.py:<module>.MockRequest.__init__<metaClassAdapter>
requests/src/requests/cookies.py:<module>.MockRequest.add_header
requests/src/requests/cookies.py:<module>.MockRequest.add_header<metaClassAdapter>
requests/src/requests/cookies.py:<module>.MockRequest.add_unredirected_header
requests/src/requests/cookies.py:<module>.MockRequest.add_unredirected_header<metaClassAdapter>
requests/src/requests/cookies.py:<module>.MockRequest.get_full_url
requests/src/requests/cookies.py:<module>.MockRequest.get_full_url<metaClassAdapter>
requests/src/requests/cookies.py:<module>.MockRequest.get_header
requests/src/requests/cookies.py:<module>.MockRequest.get_header<metaClassAdapter>
requests/src/requests/cookies.py:<module>.MockRequest.get_host
requests/src/requests/cookies.py:<module>.MockRequest.get_host<metaClassAdapter>
requests/src/requests/cookies.py:<module>.MockRequest.get_new_headers
requests/src/requests/cookies.py:<module>.MockRequest.get_new_headers<metaClassAdapter>
requests/src/requests/cookies.py:<module>.MockRequest.get_origin_req_host
requests/src/requests/cookies.py:<module>.MockRequest.get_origin_req_host<metaClassAdapter>
requests/src/requests/cookies.py:<module>.MockRequest.get_type
requests/src/requests/cookies.py:<module>.MockRequest.get_type<metaClassAdapter>
requests/src/requests/cookies.py:<module>.MockRequest.has_header
requests/src/requests/cookies.py:<module>.MockRequest.has_header<metaClassAdapter>
requests/src/requests/cookies.py:<module>.MockRequest.host
requests/src/requests/cookies.py:<module>.MockRequest.host<metaClassAdapter>
requests/src/requests/cookies.py:<module>.MockRequest.is_unverifiable
requests/src/requests/cookies.py:<module>.MockRequest.is_unverifiable<metaClassAdapter>
requests/src/requests/cookies.py:<module>.MockRequest.origin_req_host
requests/src/requests/cookies.py:<module>.MockRequest.origin_req_host<metaClassAdapter>
requests/src/requests/cookies.py:<module>.MockRequest.unverifiable
requests/src/requests/cookies.py:<module>.MockRequest.unverifiable<metaClassAdapter>
requests/src/requests/cookies.py:<module>.MockResponse.__init__
requests/src/requests/cookies.py:<module>.MockResponse.__init__<metaClassAdapter>
requests/src/requests/cookies.py:<module>.MockResponse.getheaders
requests/src/requests/cookies.py:<module>.MockResponse.getheaders<metaClassAdapter>
requests/src/requests/cookies.py:<module>.MockResponse.info
requests/src/requests/cookies.py:<module>.MockResponse.info<metaClassAdapter>
requests/src/requests/cookies.py:<module>.RequestsCookieJar.__contains__
requests/src/requests/cookies.py:<module>.RequestsCookieJar.__contains__<metaClassAdapter>
requests/src/requests/cookies.py:<module>.RequestsCookieJar.__delitem__
requests/src/requests/cookies.py:<module>.RequestsCookieJar.__delitem__<metaClassAdapter>
requests/src/requests/cookies.py:<module>.RequestsCookieJar.__getitem__
requests/src/requests/cookies.py:<module>.RequestsCookieJar.__getitem__<metaClassAdapter>
requests/src/requests/cookies.py:<module>.RequestsCookieJar.__getstate__
requests/src/requests/cookies.py:<module>.RequestsCookieJar.__getstate__<metaClassAdapter>
requests/src/requests/cookies.py:<module>.RequestsCookieJar.__setitem__
requests/src/requests/cookies.py:<module>.RequestsCookieJar.__setitem__<metaClassAdapter>
requests/src/requests/cookies.py:<module>.RequestsCookieJar.__setstate__
requests/src/requests/cookies.py:<module>.RequestsCookieJar.__setstate__<metaClassAdapter>
requests/src/requests/cookies.py:<module>.RequestsCookieJar._find
requests/src/requests/cookies.py:<module>.RequestsCookieJar._find<metaClassAdapter>
requests/src/requests/cookies.py:<module>.RequestsCookieJar._find_no_duplicates
requests/src/requests/cookies.py:<module>.RequestsCookieJar._find_no_duplicates<metaClassAdapter>
requests/src/requests/cookies.py:<module>.RequestsCookieJar.copy
requests/src/requests/cookies.py:<module>.RequestsCookieJar.copy<metaClassAdapter>
requests/src/requests/cookies.py:<module>.RequestsCookieJar.get
requests/src/requests/cookies.py:<module>.RequestsCookieJar.get<metaClassAdapter>
requests/src/requests/cookies.py:<module>.RequestsCookieJar.get_dict
requests/src/requests/cookies.py:<module>.RequestsCookieJar.get_dict<metaClassAdapter>
requests/src/requests/cookies.py:<module>.RequestsCookieJar.get_policy
requests/src/requests/cookies.py:<module>.RequestsCookieJar.get_policy<metaClassAdapter>
requests/src/requests/cookies.py:<module>.RequestsCookieJar.items
requests/src/requests/cookies.py:<module>.RequestsCookieJar.items<metaClassAdapter>
requests/src/requests/cookies.py:<module>.RequestsCookieJar.iteritems
requests/src/requests/cookies.py:<module>.RequestsCookieJar.iteritems<metaClassAdapter>
requests/src/requests/cookies.py:<module>.RequestsCookieJar.iterkeys
requests/src/requests/cookies.py:<module>.RequestsCookieJar.iterkeys<metaClassAdapter>
requests/src/requests/cookies.py:<module>.RequestsCookieJar.itervalues
requests/src/requests/cookies.py:<module>.RequestsCookieJar.itervalues<metaClassAdapter>
requests/src/requests/cookies.py:<module>.RequestsCookieJar.keys
requests/src/requests/cookies.py:<module>.RequestsCookieJar.keys<metaClassAdapter>
requests/src/requests/cookies.py:<module>.RequestsCookieJar.list_domains
requests/src/requests/cookies.py:<module>.RequestsCookieJar.list_domains<metaClassAdapter>
requests/src/requests/cookies.py:<module>.RequestsCookieJar.list_paths
requests/src/requests/cookies.py:<module>.RequestsCookieJar.list_paths<metaClassAdapter>
requests/src/requests/cookies.py:<module>.RequestsCookieJar.multiple_domains
requests/src/requests/cookies.py:<module>.RequestsCookieJar.multiple_domains<metaClassAdapter>
requests/src/requests/cookies.py:<module>.RequestsCookieJar.set
requests/src/requests/cookies.py:<module>.RequestsCookieJar.set<metaClassAdapter>
requests/src/requests/cookies.py:<module>.RequestsCookieJar.set_cookie
requests/src/requests/cookies.py:<module>.RequestsCookieJar.set_cookie<metaClassAdapter>
requests/src/requests/cookies.py:<module>.RequestsCookieJar.update
requests/src/requests/cookies.py:<module>.RequestsCookieJar.update<metaClassAdapter>
requests/src/requests/cookies.py:<module>.RequestsCookieJar.values
requests/src/requests/cookies.py:<module>.RequestsCookieJar.values<metaClassAdapter>
requests/src/requests/cookies.py:<module>._copy_cookie_jar
requests/src/requests/cookies.py:<module>.cookiejar_from_dict
requests/src/requests/cookies.py:<module>.create_cookie
requests/src/requests/cookies.py:<module>.extract_cookies_to_jar
requests/src/requests/cookies.py:<module>.get_cookie_header
requests/src/requests/cookies.py:<module>.merge_cookies
requests/src/requests/cookies.py:<module>.morsel_to_cookie
requests/src/requests/cookies.py:<module>.remove_cookie_by_name
requests/src/requests/exceptions.py:<module>.JSONDecodeError.__init__
requests/src/requests/exceptions.py:<module>.JSONDecodeError.__init__<metaClassAdapter>
requests/src/requests/exceptions.py:<module>.JSONDecodeError.__reduce__
requests/src/requests/exceptions.py:<module>.JSONDecodeError.__reduce__<metaClassAdapter>
requests/src/requests/exceptions.py:<module>.RequestException.__init__
requests/src/requests/exceptions.py:<module>.RequestException.__init__<metaClassAdapter>
requests/src/requests/help.py:<module>._implementation
requests/src/requests/help.py:<module>.info
requests/src/requests/help.py:<module>.main
requests/src/requests/hooks.py:<module>.default_hooks
requests/src/requests/hooks.py:<module>.dispatch_hook
requests/src/requests/models.py:<module>.PreparedRequest.__init__
requests/src/requests/models.py:<module>.PreparedRequest.__init__<metaClassAdapter>
requests/src/requests/models.py:<module>.PreparedRequest.__repr__
requests/src/requests/models.py:<module>.PreparedRequest.__repr__<metaClassAdapter>
requests/src/requests/models.py:<module>.PreparedRequest._get_idna_encoded_host
requests/src/requests/models.py:<module>.PreparedRequest.copy
requests/src/requests/models.py:<module>.PreparedRequest.copy<metaClassAdapter>
requests/src/requests/models.py:<module>.PreparedRequest.prepare
requests/src/requests/models.py:<module>.PreparedRequest.prepare<metaClassAdapter>
requests/src/requests/models.py:<module>.PreparedRequest.prepare_auth
requests/src/requests/models.py:<module>.PreparedRequest.prepare_auth<metaClassAdapter>
requests/src/requests/models.py:<module>.PreparedRequest.prepare_body
requests/src/requests/models.py:<module>.PreparedRequest.prepare_body<metaClassAdapter>
requests/src/requests/models.py:<module>.PreparedRequest.prepare_content_length
requests/src/requests/models.py:<module>.PreparedRequest.prepare_content_length<metaClassAdapter>
requests/src/requests/models.py:<module>.PreparedRequest.prepare_cookies
requests/src/requests/models.py:<module>.PreparedRequest.prepare_cookies<metaClassAdapter>
requests/src/requests/models.py:<module>.PreparedRequest.prepare_headers
requests/src/requests/models.py:<module>.PreparedRequest.prepare_headers<metaClassAdapter>
requests/src/requests/models.py:<module>.PreparedRequest.prepare_hooks
requests/src/requests/models.py:<module>.PreparedRequest.prepare_hooks<metaClassAdapter>
requests/src/requests/models.py:<module>.PreparedRequest.prepare_method
requests/src/requests/models.py:<module>.PreparedRequest.prepare_method<metaClassAdapter>
requests/src/requests/models.py:<module>.PreparedRequest.prepare_url
requests/src/requests/models.py:<module>.PreparedRequest.prepare_url<metaClassAdapter>
requests/src/requests/models.py:<module>.Request.__init__
requests/src/requests/models.py:<module>.Request.__init__<metaClassAdapter>
requests/src/requests/models.py:<module>.Request.__repr__
requests/src/requests/models.py:<module>.Request.__repr__<metaClassAdapter>
requests/src/requests/models.py:<module>.Request.prepare
requests/src/requests/models.py:<module>.Request.prepare<metaClassAdapter>
requests/src/requests/models.py:<module>.RequestEncodingMixin._encode_files
requests/src/requests/models.py:<module>.RequestEncodingMixin._encode_params
requests/src/requests/models.py:<module>.RequestEncodingMixin.path_url
requests/src/requests/models.py:<module>.RequestEncodingMixin.path_url<metaClassAdapter>
requests/src/requests/models.py:<module>.RequestHooksMixin.deregister_hook
requests/src/requests/models.py:<module>.RequestHooksMixin.deregister_hook<metaClassAdapter>
requests/src/requests/models.py:<module>.RequestHooksMixin.register_hook
requests/src/requests/models.py:<module>.RequestHooksMixin.register_hook<metaClassAdapter>
requests/src/requests/models.py:<module>.Response.__bool__
requests/src/requests/models.py:<module>.Response.__bool__<metaClassAdapter>
requests/src/requests/models.py:<module>.Response.__enter__
requests/src/requests/models.py:<module>.Response.__enter__<metaClassAdapter>
requests/src/requests/models.py:<module>.Response.__exit__
requests/src/requests/models.py:<module>.Response.__exit__<metaClassAdapter>
requests/src/requests/models.py:<module>.Response.__getstate__
requests/src/requests/models.py:<module>.Response.__getstate__<metaClassAdapter>
requests/src/requests/models.py:<module>.Response.__init__
requests/src/requests/models.py:<module>.Response.__init__<metaClassAdapter>
requests/src/requests/models.py:<module>.Response.__iter__
requests/src/requests/models.py:<module>.Response.__iter__<metaClassAdapter>
requests/src/requests/models.py:<module>.Response.__nonzero__
requests/src/requests/models.py:<module>.Response.__nonzero__<metaClassAdapter>
requests/src/requests/models.py:<module>.Response.__repr__
requests/src/requests/models.py:<module>.Response.__repr__<metaClassAdapter>
requests/src/requests/models.py:<module>.Response.__setstate__
requests/src/requests/models.py:<module>.Response.__setstate__<metaClassAdapter>
requests/src/requests/models.py:<module>.Response.apparent_encoding
requests/src/requests/models.py:<module>.Response.apparent_encoding<metaClassAdapter>
requests/src/requests/models.py:<module>.Response.close
requests/src/requests/models.py:<module>.Response.close<metaClassAdapter>
requests/src/requests/models.py:<module>.Response.content
requests/src/requests/models.py:<module>.Response.content<metaClassAdapter>
requests/src/requests/models.py:<module>.Response.is_permanent_redirect
requests/src/requests/models.py:<module>.Response.is_permanent_redirect<metaClassAdapter>
requests/src/requests/models.py:<module>.Response.is_redirect
requests/src/requests/models.py:<module>.Response.is_redirect<metaClassAdapter>
requests/src/requests/models.py:<module>.Response.iter_content
requests/src/requests/models.py:<module>.Response.iter_content.generate
requests/src/requests/models.py:<module>.Response.iter_content<metaClassAdapter>
requests/src/requests/models.py:<module>.Response.iter_lines
requests/src/requests/models.py:<module>.Response.iter_lines<metaClassAdapter>
requests/src/requests/models.py:<module>.Response.json
requests/src/requests/models.py:<module>.Response.json<metaClassAdapter>
requests/src/requests/models.py:<module>.Response.links
requests/src/requests/models.py:<module>.Response.links<metaClassAdapter>
requests/src/requests/models.py:<module>.Response.next
requests/src/requests/models.py:<module>.Response.next<metaClassAdapter>
requests/src/requests/models.py:<module>.Response.ok
requests/src/requests/models.py:<module>.Response.ok<metaClassAdapter>
requests/src/requests/models.py:<module>.Response.raise_for_status
requests/src/requests/models.py:<module>.Response.raise_for_status<metaClassAdapter>
requests/src/requests/models.py:<module>.Response.text
requests/src/requests/models.py:<module>.Response.text<metaClassAdapter>
requests/src/requests/sessions.py:<module>.Session.__enter__
requests/src/requests/sessions.py:<module>.Session.__enter__<metaClassAdapter>
requests/src/requests/sessions.py:<module>.Session.__exit__
requests/src/requests/sessions.py:<module>.Session.__exit__<metaClassAdapter>
requests/src/requests/sessions.py:<module>.Session.__getstate__
requests/src/requests/sessions.py:<module>.Session.__getstate__<metaClassAdapter>
requests/src/requests/sessions.py:<module>.Session.__init__
requests/src/requests/sessions.py:<module>.Session.__init__<metaClassAdapter>
requests/src/requests/sessions.py:<module>.Session.__setstate__
requests/src/requests/sessions.py:<module>.Session.__setstate__<metaClassAdapter>
requests/src/requests/sessions.py:<module>.Session.close
requests/src/requests/sessions.py:<module>.Session.close<metaClassAdapter>
requests/src/requests/sessions.py:<module>.Session.delete
requests/src/requests/sessions.py:<module>.Session.delete<metaClassAdapter>
requests/src/requests/sessions.py:<module>.Session.get
requests/src/requests/sessions.py:<module>.Session.get<metaClassAdapter>
requests/src/requests/sessions.py:<module>.Session.get_adapter
requests/src/requests/sessions.py:<module>.Session.get_adapter<metaClassAdapter>
requests/src/requests/sessions.py:<module>.Session.head
requests/src/requests/sessions.py:<module>.Session.head<metaClassAdapter>
requests/src/requests/sessions.py:<module>.Session.merge_environment_settings
requests/src/requests/sessions.py:<module>.Session.merge_environment_settings<metaClassAdapter>
requests/src/requests/sessions.py:<module>.Session.mount
requests/src/requests/sessions.py:<module>.Session.mount<metaClassAdapter>
requests/src/requests/sessions.py:<module>.Session.options
requests/src/requests/sessions.py:<module>.Session.options<metaClassAdapter>
requests/src/requests/sessions.py:<module>.Session.patch
requests/src/requests/sessions.py:<module>.Session.patch<metaClassAdapter>
requests/src/requests/sessions.py:<module>.Session.post
requests/src/requests/sessions.py:<module>.Session.post<metaClassAdapter>
requests/src/requests/sessions.py:<module>.Session.prepare_request
requests/src/requests/sessions.py:<module>.Session.prepare_request<metaClassAdapter>
requests/src/requests/sessions.py:<module>.Session.put
requests/src/requests/sessions.py:<module>.Session.put<metaClassAdapter>
requests/src/requests/sessions.py:<module>.Session.request
requests/src/requests/sessions.py:<module>.Session.request<metaClassAdapter>
requests/src/requests/sessions.py:<module>.Session.send
requests/src/requests/sessions.py:<module>.Session.send<metaClassAdapter>
requests/src/requests/sessions.py:<module>.SessionRedirectMixin.get_redirect_target
requests/src/requests/sessions.py:<module>.SessionRedirectMixin.get_redirect_target<metaClassAdapter>
requests/src/requests/sessions.py:<module>.SessionRedirectMixin.rebuild_auth
requests/src/requests/sessions.py:<module>.SessionRedirectMixin.rebuild_auth<metaClassAdapter>
requests/src/requests/sessions.py:<module>.SessionRedirectMixin.rebuild_method
requests/src/requests/sessions.py:<module>.SessionRedirectMixin.rebuild_method<metaClassAdapter>
requests/src/requests/sessions.py:<module>.SessionRedirectMixin.rebuild_proxies
requests/src/requests/sessions.py:<module>.SessionRedirectMixin.rebuild_proxies<metaClassAdapter>
requests/src/requests/sessions.py:<module>.SessionRedirectMixin.resolve_redirects
requests/src/requests/sessions.py:<module>.SessionRedirectMixin.resolve_redirects<metaClassAdapter>
requests/src/requests/sessions.py:<module>.SessionRedirectMixin.should_strip_auth
requests/src/requests/sessions.py:<module>.SessionRedirectMixin.should_strip_auth<metaClassAdapter>
requests/src/requests/sessions.py:<module>.merge_hooks
requests/src/requests/sessions.py:<module>.merge_setting
requests/src/requests/sessions.py:<module>.session
requests/src/requests/status_codes.py:<module>._init
requests/src/requests/status_codes.py:<module>._init.doc
requests/src/requests/structures.py:<module>.CaseInsensitiveDict.__delitem__
requests/src/requests/structures.py:<module>.CaseInsensitiveDict.__delitem__<metaClassAdapter>
requests/src/requests/structures.py:<module>.CaseInsensitiveDict.__eq__
requests/src/requests/structures.py:<module>.CaseInsensitiveDict.__eq__<metaClassAdapter>
requests/src/requests/structures.py:<module>.CaseInsensitiveDict.__getitem__
requests/src/requests/structures.py:<module>.CaseInsensitiveDict.__getitem__<metaClassAdapter>
requests/src/requests/structures.py:<module>.CaseInsensitiveDict.__init__
requests/src/requests/structures.py:<module>.CaseInsensitiveDict.__init__<metaClassAdapter>
requests/src/requests/structures.py:<module>.CaseInsensitiveDict.__iter__
requests/src/requests/structures.py:<module>.CaseInsensitiveDict.__iter__<metaClassAdapter>
requests/src/requests/structures.py:<module>.CaseInsensitiveDict.__len__
requests/src/requests/structures.py:<module>.CaseInsensitiveDict.__len__<metaClassAdapter>
requests/src/requests/structures.py:<module>.CaseInsensitiveDict.__repr__
requests/src/requests/structures.py:<module>.CaseInsensitiveDict.__repr__<metaClassAdapter>
requests/src/requests/structures.py:<module>.CaseInsensitiveDict.__setitem__
requests/src/requests/structures.py:<module>.CaseInsensitiveDict.__setitem__<metaClassAdapter>
requests/src/requests/structures.py:<module>.CaseInsensitiveDict.copy
requests/src/requests/structures.py:<module>.CaseInsensitiveDict.copy<metaClassAdapter>
requests/src/requests/structures.py:<module>.CaseInsensitiveDict.lower_items
requests/src/requests/structures.py:<module>.CaseInsensitiveDict.lower_items<metaClassAdapter>
requests/src/requests/structures.py:<module>.LookupDict.__getitem__
requests/src/requests/structures.py:<module>.LookupDict.__getitem__<metaClassAdapter>
requests/src/requests/structures.py:<module>.LookupDict.__init__
requests/src/requests/structures.py:<module>.LookupDict.__init__<metaClassAdapter>
requests/src/requests/structures.py:<module>.LookupDict.__repr__
requests/src/requests/structures.py:<module>.LookupDict.__repr__<metaClassAdapter>
requests/src/requests/structures.py:<module>.LookupDict.get
requests/src/requests/structures.py:<module>.LookupDict.get<metaClassAdapter>
requests/src/requests/utils.py:<module>._parse_content_type_header
requests/src/requests/utils.py:<module>._validate_header_part
requests/src/requests/utils.py:<module>.add_dict_to_cookiejar
requests/src/requests/utils.py:<module>.address_in_network
requests/src/requests/utils.py:<module>.atomic_open
requests/src/requests/utils.py:<module>.check_header_validity
requests/src/requests/utils.py:<module>.default_headers
requests/src/requests/utils.py:<module>.default_user_agent
requests/src/requests/utils.py:<module>.dict_from_cookiejar
requests/src/requests/utils.py:<module>.dict_to_sequence
requests/src/requests/utils.py:<module>.dotted_netmask
requests/src/requests/utils.py:<module>.extract_zipped_paths
requests/src/requests/utils.py:<module>.from_key_val_list
requests/src/requests/utils.py:<module>.get_auth_from_url
requests/src/requests/utils.py:<module>.get_encoding_from_headers
requests/src/requests/utils.py:<module>.get_encodings_from_content
requests/src/requests/utils.py:<module>.get_environ_proxies
requests/src/requests/utils.py:<module>.get_netrc_auth
requests/src/requests/utils.py:<module>.get_unicode_from_response
requests/src/requests/utils.py:<module>.guess_filename
requests/src/requests/utils.py:<module>.guess_json_utf
requests/src/requests/utils.py:<module>.is_ipv4_address
requests/src/requests/utils.py:<module>.is_valid_cidr
requests/src/requests/utils.py:<module>.iter_slices
requests/src/requests/utils.py:<module>.parse_dict_header
requests/src/requests/utils.py:<module>.parse_header_links
requests/src/requests/utils.py:<module>.parse_list_header
requests/src/requests/utils.py:<module>.prepend_scheme_if_needed
requests/src/requests/utils.py:<module>.proxy_bypass
requests/src/requests/utils.py:<module>.proxy_bypass_registry
requests/src/requests/utils.py:<module>.requote_uri
requests/src/requests/utils.py:<module>.resolve_proxies
requests/src/requests/utils.py:<module>.rewind_body
requests/src/requests/utils.py:<module>.select_proxy
requests/src/requests/utils.py:<module>.set_environ
requests/src/requests/utils.py:<module>.should_bypass_proxies
requests/src/requests/utils.py:<module>.should_bypass_proxies.get_proxy
requests/src/requests/utils.py:<module>.stream_decode_response_unicode
requests/src/requests/utils.py:<module>.super_len
requests/src/requests/utils.py:<module>.to_key_val_list
requests/src/requests/utils.py:<module>.unquote_header_value
requests/src/requests/utils.py:<module>.unquote_unreserved
requests/src/requests/utils.py:<module>.urldefragauth
Call graph for requests/src/requests/models.py:<module>.PreparedRequest.prepare_body:
Method requests/src/requests/models.py:<module>.PreparedRequest.prepare_body
  Method requests/src/requests/utils.py:<module>.super_len
Traceback (most recent call last):
  File "/home/jsdelfino/Desktop/code/cpg_sample/sample.py", line 116, in <module>
    paths = call_paths(graph, methods[test_urlencoded], methods[prepare_body])
                              ~~~~~~~^^^^^^^^^^^^^^^^^
KeyError: 'requests/tests/test_requests.py:<module>.TestRequests.test_urlencoded_get_query_multivalued_param'
